<?xml version="1.0" encoding="UTF-8" standalone="no"?><!DOCTYPE report PUBLIC "-//JACOCO//DTD Report 1.1//EN" "report.dtd"><report name="Pester (02/12/2021 11:40:24)"><sessioninfo id="this" start="1613130024629" dump="1613130024881" /><package name="adls2.folder.access.tools/Private"><class name="adls2.folder.access.tools/Private/Get-FatAdlsAclItemEntry" sourcefilename="Get-FatAdlsAclItemEntry.ps1"><method name="Get-FatAdlsAclItemEntry" desc="()" line="7"><counter type="INSTRUCTION" missed="2" covered="0" /><counter type="LINE" missed="2" covered="0" /><counter type="METHOD" missed="1" covered="0" /></method><counter type="INSTRUCTION" missed="2" covered="0" /><counter type="LINE" missed="2" covered="0" /><counter type="METHOD" missed="1" covered="0" /><counter type="CLASS" missed="1" covered="0" /></class><class name="adls2.folder.access.tools/Private/Get-FatAdlsFolderPermissions" sourcefilename="Get-FatAdlsFolderPermissions.ps1"><method name="Get-FatAdlsFolderPermissions" desc="()" line="10"><counter type="INSTRUCTION" missed="45" covered="0" /><counter type="LINE" missed="26" covered="0" /><counter type="METHOD" missed="1" covered="0" /></method><counter type="INSTRUCTION" missed="45" covered="0" /><counter type="LINE" missed="26" covered="0" /><counter type="METHOD" missed="1" covered="0" /><counter type="CLASS" missed="1" covered="0" /></class><class name="adls2.folder.access.tools/Private/Get-FatCachedAdGroupId" sourcefilename="Get-FatCachedAdGroupId.ps1"><method name="Get-FatCachedAdGroupId" desc="()" line="4"><counter type="INSTRUCTION" missed="7" covered="0" /><counter type="LINE" missed="5" covered="0" /><counter type="METHOD" missed="1" covered="0" /></method><counter type="INSTRUCTION" missed="7" covered="0" /><counter type="LINE" missed="5" covered="0" /><counter type="METHOD" missed="1" covered="0" /><counter type="CLASS" missed="1" covered="0" /></class><class name="adls2.folder.access.tools/Private/Get-FatCachedAdGroupName" sourcefilename="Get-FatCachedAdGroupName.ps1"><method name="Get-FatCachedAdGroupName" desc="()" line="4"><counter type="INSTRUCTION" missed="7" covered="0" /><counter type="LINE" missed="5" covered="0" /><counter type="METHOD" missed="1" covered="0" /></method><counter type="INSTRUCTION" missed="7" covered="0" /><counter type="LINE" missed="5" covered="0" /><counter type="METHOD" missed="1" covered="0" /><counter type="CLASS" missed="1" covered="0" /></class><class name="adls2.folder.access.tools/Private/Set-FatAdlsAclEntryInCsv" sourcefilename="Set-FatAdlsAclEntryInCsv.ps1"><method name="Set-FatAdlsAclEntryInCsv" desc="()" line="13"><counter type="INSTRUCTION" missed="5" covered="0" /><counter type="LINE" missed="3" covered="0" /><counter type="METHOD" missed="1" covered="0" /></method><counter type="INSTRUCTION" missed="5" covered="0" /><counter type="LINE" missed="3" covered="0" /><counter type="METHOD" missed="1" covered="0" /><counter type="CLASS" missed="1" covered="0" /></class><class name="adls2.folder.access.tools/Private/Set-FatAdlsAclEntryOnItem" sourcefilename="Set-FatAdlsAclEntryOnItem.ps1"><method name="Set-FatAdlsAclEntryOnItem" desc="()" line="11"><counter type="INSTRUCTION" missed="179" covered="0" /><counter type="LINE" missed="107" covered="0" /><counter type="METHOD" missed="1" covered="0" /></method><counter type="INSTRUCTION" missed="179" covered="0" /><counter type="LINE" missed="107" covered="0" /><counter type="METHOD" missed="1" covered="0" /><counter type="CLASS" missed="1" covered="0" /></class><sourcefile name="Get-FatAdlsAclItemEntry.ps1"><line nr="7" mi="1" ci="0" mb="0" cb="0" /><line nr="8" mi="1" ci="0" mb="0" cb="0" /><counter type="INSTRUCTION" missed="2" covered="0" /><counter type="LINE" missed="2" covered="0" /><counter type="METHOD" missed="1" covered="0" /><counter type="CLASS" missed="1" covered="0" /></sourcefile><sourcefile name="Get-FatAdlsFolderPermissions.ps1"><line nr="10" mi="1" ci="0" mb="0" cb="0" /><line nr="11" mi="2" ci="0" mb="0" cb="0" /><line nr="15" mi="1" ci="0" mb="0" cb="0" /><line nr="18" mi="1" ci="0" mb="0" cb="0" /><line nr="19" mi="1" ci="0" mb="0" cb="0" /><line nr="20" mi="1" ci="0" mb="0" cb="0" /><line nr="21" mi="1" ci="0" mb="0" cb="0" /><line nr="22" mi="4" ci="0" mb="0" cb="0" /><line nr="23" mi="6" ci="0" mb="0" cb="0" /><line nr="24" mi="2" ci="0" mb="0" cb="0" /><line nr="25" mi="3" ci="0" mb="0" cb="0" /><line nr="26" mi="2" ci="0" mb="0" cb="0" /><line nr="27" mi="1" ci="0" mb="0" cb="0" /><line nr="28" mi="1" ci="0" mb="0" cb="0" /><line nr="29" mi="1" ci="0" mb="0" cb="0" /><line nr="30" mi="1" ci="0" mb="0" cb="0" /><line nr="31" mi="1" ci="0" mb="0" cb="0" /><line nr="32" mi="3" ci="0" mb="0" cb="0" /><line nr="33" mi="1" ci="0" mb="0" cb="0" /><line nr="36" mi="2" ci="0" mb="0" cb="0" /><line nr="41" mi="1" ci="0" mb="0" cb="0" /><line nr="44" mi="1" ci="0" mb="0" cb="0" /><line nr="45" mi="3" ci="0" mb="0" cb="0" /><line nr="46" mi="1" ci="0" mb="0" cb="0" /><line nr="47" mi="2" ci="0" mb="0" cb="0" /><line nr="48" mi="1" ci="0" mb="0" cb="0" /><counter type="INSTRUCTION" missed="45" covered="0" /><counter type="LINE" missed="26" covered="0" /><counter type="METHOD" missed="1" covered="0" /><counter type="CLASS" missed="1" covered="0" /></sourcefile><sourcefile name="Get-FatCachedAdGroupId.ps1"><line nr="4" mi="1" ci="0" mb="0" cb="0" /><line nr="5" mi="1" ci="0" mb="0" cb="0" /><line nr="7" mi="1" ci="0" mb="0" cb="0" /><line nr="9" mi="2" ci="0" mb="0" cb="0" /><line nr="11" mi="2" ci="0" mb="0" cb="0" /><counter type="INSTRUCTION" missed="7" covered="0" /><counter type="LINE" missed="5" covered="0" /><counter type="METHOD" missed="1" covered="0" /><counter type="CLASS" missed="1" covered="0" /></sourcefile><sourcefile name="Get-FatCachedAdGroupName.ps1"><line nr="4" mi="1" ci="0" mb="0" cb="0" /><line nr="5" mi="1" ci="0" mb="0" cb="0" /><line nr="7" mi="1" ci="0" mb="0" cb="0" /><line nr="9" mi="2" ci="0" mb="0" cb="0" /><line nr="11" mi="2" ci="0" mb="0" cb="0" /><counter type="INSTRUCTION" missed="7" covered="0" /><counter type="LINE" missed="5" covered="0" /><counter type="METHOD" missed="1" covered="0" /><counter type="CLASS" missed="1" covered="0" /></sourcefile><sourcefile name="Set-FatAdlsAclEntryInCsv.ps1"><line nr="13" mi="1" ci="0" mb="0" cb="0" /><line nr="14" mi="2" ci="0" mb="0" cb="0" /><line nr="15" mi="2" ci="0" mb="0" cb="0" /><counter type="INSTRUCTION" missed="5" covered="0" /><counter type="LINE" missed="3" covered="0" /><counter type="METHOD" missed="1" covered="0" /><counter type="CLASS" missed="1" covered="0" /></sourcefile><sourcefile name="Set-FatAdlsAclEntryOnItem.ps1"><line nr="11" mi="1" ci="0" mb="0" cb="0" /><line nr="13" mi="3" ci="0" mb="0" cb="0" /><line nr="15" mi="1" ci="0" mb="0" cb="0" /><line nr="16" mi="2" ci="0" mb="0" cb="0" /><line nr="17" mi="2" ci="0" mb="0" cb="0" /><line nr="18" mi="1" ci="0" mb="0" cb="0" /><line nr="19" mi="5" ci="0" mb="0" cb="0" /><line nr="20" mi="1" ci="0" mb="0" cb="0" /><line nr="21" mi="1" ci="0" mb="0" cb="0" /><line nr="22" mi="1" ci="0" mb="0" cb="0" /><line nr="23" mi="2" ci="0" mb="0" cb="0" /><line nr="24" mi="1" ci="0" mb="0" cb="0" /><line nr="25" mi="1" ci="0" mb="0" cb="0" /><line nr="26" mi="1" ci="0" mb="0" cb="0" /><line nr="27" mi="1" ci="0" mb="0" cb="0" /><line nr="29" mi="2" ci="0" mb="0" cb="0" /><line nr="30" mi="2" ci="0" mb="0" cb="0" /><line nr="31" mi="4" ci="0" mb="0" cb="0" /><line nr="33" mi="1" ci="0" mb="0" cb="0" /><line nr="34" mi="1" ci="0" mb="0" cb="0" /><line nr="35" mi="3" ci="0" mb="0" cb="0" /><line nr="36" mi="1" ci="0" mb="0" cb="0" /><line nr="37" mi="2" ci="0" mb="0" cb="0" /><line nr="38" mi="1" ci="0" mb="0" cb="0" /><line nr="39" mi="4" ci="0" mb="0" cb="0" /><line nr="41" mi="4" ci="0" mb="0" cb="0" /><line nr="42" mi="2" ci="0" mb="0" cb="0" /><line nr="43" mi="1" ci="0" mb="0" cb="0" /><line nr="44" mi="1" ci="0" mb="0" cb="0" /><line nr="45" mi="4" ci="0" mb="0" cb="0" /><line nr="48" mi="4" ci="0" mb="0" cb="0" /><line nr="50" mi="2" ci="0" mb="0" cb="0" /><line nr="53" mi="1" ci="0" mb="0" cb="0" /><line nr="54" mi="3" ci="0" mb="0" cb="0" /><line nr="55" mi="2" ci="0" mb="0" cb="0" /><line nr="56" mi="2" ci="0" mb="0" cb="0" /><line nr="61" mi="1" ci="0" mb="0" cb="0" /><line nr="63" mi="2" ci="0" mb="0" cb="0" /><line nr="64" mi="1" ci="0" mb="0" cb="0" /><line nr="66" mi="1" ci="0" mb="0" cb="0" /><line nr="67" mi="4" ci="0" mb="0" cb="0" /><line nr="68" mi="1" ci="0" mb="0" cb="0" /><line nr="69" mi="1" ci="0" mb="0" cb="0" /><line nr="72" mi="1" ci="0" mb="0" cb="0" /><line nr="73" mi="1" ci="0" mb="0" cb="0" /><line nr="74" mi="1" ci="0" mb="0" cb="0" /><line nr="76" mi="1" ci="0" mb="0" cb="0" /><line nr="77" mi="1" ci="0" mb="0" cb="0" /><line nr="78" mi="3" ci="0" mb="0" cb="0" /><line nr="79" mi="1" ci="0" mb="0" cb="0" /><line nr="80" mi="2" ci="0" mb="0" cb="0" /><line nr="82" mi="1" ci="0" mb="0" cb="0" /><line nr="83" mi="3" ci="0" mb="0" cb="0" /><line nr="84" mi="1" ci="0" mb="0" cb="0" /><line nr="85" mi="2" ci="0" mb="0" cb="0" /><line nr="89" mi="2" ci="0" mb="0" cb="0" /><line nr="91" mi="3" ci="0" mb="0" cb="0" /><line nr="92" mi="1" ci="0" mb="0" cb="0" /><line nr="93" mi="1" ci="0" mb="0" cb="0" /><line nr="94" mi="2" ci="0" mb="0" cb="0" /><line nr="95" mi="1" ci="0" mb="0" cb="0" /><line nr="96" mi="4" ci="0" mb="0" cb="0" /><line nr="97" mi="2" ci="0" mb="0" cb="0" /><line nr="102" mi="6" ci="0" mb="0" cb="0" /><line nr="103" mi="2" ci="0" mb="0" cb="0" /><line nr="104" mi="1" ci="0" mb="0" cb="0" /><line nr="105" mi="4" ci="0" mb="0" cb="0" /><line nr="107" mi="2" ci="0" mb="0" cb="0" /><line nr="108" mi="1" ci="0" mb="0" cb="0" /><line nr="109" mi="1" ci="0" mb="0" cb="0" /><line nr="110" mi="2" ci="0" mb="0" cb="0" /><line nr="111" mi="1" ci="0" mb="0" cb="0" /><line nr="112" mi="4" ci="0" mb="0" cb="0" /><line nr="113" mi="1" ci="0" mb="0" cb="0" /><line nr="114" mi="1" ci="0" mb="0" cb="0" /><line nr="115" mi="2" ci="0" mb="0" cb="0" /><line nr="116" mi="1" ci="0" mb="0" cb="0" /><line nr="117" mi="1" ci="0" mb="0" cb="0" /><line nr="119" mi="1" ci="0" mb="0" cb="0" /><line nr="120" mi="1" ci="0" mb="0" cb="0" /><line nr="121" mi="1" ci="0" mb="0" cb="0" /><line nr="122" mi="1" ci="0" mb="0" cb="0" /><line nr="123" mi="1" ci="0" mb="0" cb="0" /><line nr="124" mi="1" ci="0" mb="0" cb="0" /><line nr="126" mi="2" ci="0" mb="0" cb="0" /><line nr="127" mi="1" ci="0" mb="0" cb="0" /><line nr="128" mi="1" ci="0" mb="0" cb="0" /><line nr="130" mi="2" ci="0" mb="0" cb="0" /><line nr="132" mi="1" ci="0" mb="0" cb="0" /><line nr="134" mi="2" ci="0" mb="0" cb="0" /><line nr="135" mi="1" ci="0" mb="0" cb="0" /><line nr="136" mi="1" ci="0" mb="0" cb="0" /><line nr="137" mi="1" ci="0" mb="0" cb="0" /><line nr="138" mi="1" ci="0" mb="0" cb="0" /><line nr="139" mi="1" ci="0" mb="0" cb="0" /><line nr="140" mi="1" ci="0" mb="0" cb="0" /><line nr="142" mi="2" ci="0" mb="0" cb="0" /><line nr="143" mi="1" ci="0" mb="0" cb="0" /><line nr="144" mi="1" ci="0" mb="0" cb="0" /><line nr="146" mi="1" ci="0" mb="0" cb="0" /><line nr="147" mi="1" ci="0" mb="0" cb="0" /><line nr="150" mi="1" ci="0" mb="0" cb="0" /><line nr="151" mi="1" ci="0" mb="0" cb="0" /><line nr="152" mi="1" ci="0" mb="0" cb="0" /><line nr="157" mi="1" ci="0" mb="0" cb="0" /><line nr="161" mi="1" ci="0" mb="0" cb="0" /><line nr="162" mi="1" ci="0" mb="0" cb="0" /><counter type="INSTRUCTION" missed="179" covered="0" /><counter type="LINE" missed="107" covered="0" /><counter type="METHOD" missed="1" covered="0" /><counter type="CLASS" missed="1" covered="0" /></sourcefile><counter type="INSTRUCTION" missed="245" covered="0" /><counter type="LINE" missed="148" covered="0" /><counter type="METHOD" missed="6" covered="0" /><counter type="CLASS" missed="6" covered="0" /></package><package name="adls2.folder.access.tools/Public"><class name="adls2.folder.access.tools/Public/Get-FatAdlsAccessIntoCsv" sourcefilename="Get-FatAdlsAccessIntoCsv.ps1"><method name="Get-FatAdlsAccessIntoCsv" desc="()" line="9"><counter type="INSTRUCTION" missed="28" covered="0" /><counter type="LINE" missed="27" covered="0" /><counter type="METHOD" missed="1" covered="0" /></method><counter type="INSTRUCTION" missed="28" covered="0" /><counter type="LINE" missed="27" covered="0" /><counter type="METHOD" missed="1" covered="0" /><counter type="CLASS" missed="1" covered="0" /></class><class name="adls2.folder.access.tools/Public/Get-FatAzConnection" sourcefilename="Get-FatAzConnection.ps1"><method name="Get-AzConnection" desc="()" line="4"><counter type="INSTRUCTION" missed="15" covered="0" /><counter type="LINE" missed="12" covered="0" /><counter type="METHOD" missed="1" covered="0" /></method><counter type="INSTRUCTION" missed="15" covered="0" /><counter type="LINE" missed="12" covered="0" /><counter type="METHOD" missed="1" covered="0" /><counter type="CLASS" missed="1" covered="0" /></class><class name="adls2.folder.access.tools/Public/Get-FatCsvAsArray" sourcefilename="Get-FatCsvAsArray.ps1"><method name="Get-FatCsvAsArray" desc="()" line="6"><counter type="INSTRUCTION" missed="14" covered="8" /><counter type="LINE" missed="1" covered="5" /><counter type="METHOD" missed="0" covered="1" /></method><counter type="INSTRUCTION" missed="14" covered="8" /><counter type="LINE" missed="1" covered="5" /><counter type="METHOD" missed="0" covered="1" /><counter type="CLASS" missed="0" covered="1" /></class><class name="adls2.folder.access.tools/Public/Get-FatDataLake" sourcefilename="Get-FatDataLake.ps1"><method name="Get-FatDataLake" desc="()" line="8"><counter type="INSTRUCTION" missed="7" covered="0" /><counter type="LINE" missed="7" covered="0" /><counter type="METHOD" missed="1" covered="0" /></method><counter type="INSTRUCTION" missed="7" covered="0" /><counter type="LINE" missed="7" covered="0" /><counter type="METHOD" missed="1" covered="0" /><counter type="CLASS" missed="1" covered="0" /></class><class name="adls2.folder.access.tools/Public/New-FatDataLake" sourcefilename="New-FatDataLake.ps1"><method name="New-FatDataLake" desc="()" line="9"><counter type="INSTRUCTION" missed="10" covered="0" /><counter type="LINE" missed="10" covered="0" /><counter type="METHOD" missed="1" covered="0" /></method><counter type="INSTRUCTION" missed="10" covered="0" /><counter type="LINE" missed="10" covered="0" /><counter type="METHOD" missed="1" covered="0" /><counter type="CLASS" missed="1" covered="0" /></class><class name="adls2.folder.access.tools/Public/Set-FatAdlsAccess" sourcefilename="Set-FatAdlsAccess.ps1"><method name="Set-FatAdlsAccess" desc="()" line="13"><counter type="INSTRUCTION" missed="38" covered="0" /><counter type="LINE" missed="31" covered="0" /><counter type="METHOD" missed="1" covered="0" /></method><counter type="INSTRUCTION" missed="38" covered="0" /><counter type="LINE" missed="31" covered="0" /><counter type="METHOD" missed="1" covered="0" /><counter type="CLASS" missed="1" covered="0" /></class><sourcefile name="Get-FatAdlsAccessIntoCsv.ps1"><line nr="9" mi="1" ci="0" mb="0" cb="0" /><line nr="10" mi="1" ci="0" mb="0" cb="0" /><line nr="11" mi="1" ci="0" mb="0" cb="0" /><line nr="13" mi="1" ci="0" mb="0" cb="0" /><line nr="14" mi="1" ci="0" mb="0" cb="0" /><line nr="16" mi="1" ci="0" mb="0" cb="0" /><line nr="17" mi="1" ci="0" mb="0" cb="0" /><line nr="18" mi="1" ci="0" mb="0" cb="0" /><line nr="20" mi="1" ci="0" mb="0" cb="0" /><line nr="21" mi="1" ci="0" mb="0" cb="0" /><line nr="22" mi="1" ci="0" mb="0" cb="0" /><line nr="24" mi="1" ci="0" mb="0" cb="0" /><line nr="25" mi="1" ci="0" mb="0" cb="0" /><line nr="26" mi="1" ci="0" mb="0" cb="0" /><line nr="29" mi="1" ci="0" mb="0" cb="0" /><line nr="32" mi="1" ci="0" mb="0" cb="0" /><line nr="33" mi="1" ci="0" mb="0" cb="0" /><line nr="34" mi="1" ci="0" mb="0" cb="0" /><line nr="36" mi="2" ci="0" mb="0" cb="0" /><line nr="37" mi="1" ci="0" mb="0" cb="0" /><line nr="38" mi="1" ci="0" mb="0" cb="0" /><line nr="39" mi="1" ci="0" mb="0" cb="0" /><line nr="40" mi="1" ci="0" mb="0" cb="0" /><line nr="41" mi="1" ci="0" mb="0" cb="0" /><line nr="44" mi="1" ci="0" mb="0" cb="0" /><line nr="46" mi="1" ci="0" mb="0" cb="0" /><line nr="47" mi="1" ci="0" mb="0" cb="0" /><counter type="INSTRUCTION" missed="28" covered="0" /><counter type="LINE" missed="27" covered="0" /><counter type="METHOD" missed="1" covered="0" /><counter type="CLASS" missed="1" covered="0" /></sourcefile><sourcefile name="Get-FatAzConnection.ps1"><line nr="4" mi="2" ci="0" mb="0" cb="0" /><line nr="6" mi="2" ci="0" mb="0" cb="0" /><line nr="7" mi="1" ci="0" mb="0" cb="0" /><line nr="9" mi="1" ci="0" mb="0" cb="0" /><line nr="10" mi="1" ci="0" mb="0" cb="0" /><line nr="12" mi="1" ci="0" mb="0" cb="0" /><line nr="13" mi="1" ci="0" mb="0" cb="0" /><line nr="16" mi="1" ci="0" mb="0" cb="0" /><line nr="17" mi="1" ci="0" mb="0" cb="0" /><line nr="21" mi="1" ci="0" mb="0" cb="0" /><line nr="22" mi="2" ci="0" mb="0" cb="0" /><line nr="23" mi="1" ci="0" mb="0" cb="0" /><counter type="INSTRUCTION" missed="15" covered="0" /><counter type="LINE" missed="12" covered="0" /><counter type="METHOD" missed="1" covered="0" /><counter type="CLASS" missed="1" covered="0" /></sourcefile><sourcefile name="Get-FatCsvAsArray.ps1"><line nr="6" mi="0" ci="1" mb="0" cb="0" /><line nr="7" mi="0" ci="1" mb="0" cb="0" /><line nr="8" mi="0" ci="1" mb="0" cb="0" /><line nr="9" mi="9" ci="0" mb="0" cb="0" /><line nr="12" mi="5" ci="4" mb="0" cb="0" /><line nr="14" mi="0" ci="1" mb="0" cb="0" /><counter type="INSTRUCTION" missed="14" covered="8" /><counter type="LINE" missed="1" covered="5" /><counter type="METHOD" missed="0" covered="1" /><counter type="CLASS" missed="0" covered="1" /></sourcefile><sourcefile name="Get-FatDataLake.ps1"><line nr="8" mi="1" ci="0" mb="0" cb="0" /><line nr="9" mi="1" ci="0" mb="0" cb="0" /><line nr="10" mi="1" ci="0" mb="0" cb="0" /><line nr="11" mi="1" ci="0" mb="0" cb="0" /><line nr="14" mi="1" ci="0" mb="0" cb="0" /><line nr="15" mi="1" ci="0" mb="0" cb="0" /><line nr="16" mi="1" ci="0" mb="0" cb="0" /><counter type="INSTRUCTION" missed="7" covered="0" /><counter type="LINE" missed="7" covered="0" /><counter type="METHOD" missed="1" covered="0" /><counter type="CLASS" missed="1" covered="0" /></sourcefile><sourcefile name="New-FatDataLake.ps1"><line nr="9" mi="1" ci="0" mb="0" cb="0" /><line nr="10" mi="1" ci="0" mb="0" cb="0" /><line nr="11" mi="1" ci="0" mb="0" cb="0" /><line nr="12" mi="1" ci="0" mb="0" cb="0" /><line nr="15" mi="1" ci="0" mb="0" cb="0" /><line nr="17" mi="1" ci="0" mb="0" cb="0" /><line nr="18" mi="1" ci="0" mb="0" cb="0" /><line nr="19" mi="1" ci="0" mb="0" cb="0" /><line nr="20" mi="1" ci="0" mb="0" cb="0" /><line nr="23" mi="1" ci="0" mb="0" cb="0" /><counter type="INSTRUCTION" missed="10" covered="0" /><counter type="LINE" missed="10" covered="0" /><counter type="METHOD" missed="1" covered="0" /><counter type="CLASS" missed="1" covered="0" /></sourcefile><sourcefile name="Set-FatAdlsAccess.ps1"><line nr="13" mi="1" ci="0" mb="0" cb="0" /><line nr="15" mi="1" ci="0" mb="0" cb="0" /><line nr="18" mi="1" ci="0" mb="0" cb="0" /><line nr="19" mi="1" ci="0" mb="0" cb="0" /><line nr="20" mi="1" ci="0" mb="0" cb="0" /><line nr="23" mi="1" ci="0" mb="0" cb="0" /><line nr="24" mi="1" ci="0" mb="0" cb="0" /><line nr="26" mi="1" ci="0" mb="0" cb="0" /><line nr="27" mi="1" ci="0" mb="0" cb="0" /><line nr="29" mi="1" ci="0" mb="0" cb="0" /><line nr="30" mi="3" ci="0" mb="0" cb="0" /><line nr="32" mi="2" ci="0" mb="0" cb="0" /><line nr="33" mi="2" ci="0" mb="0" cb="0" /><line nr="34" mi="1" ci="0" mb="0" cb="0" /><line nr="35" mi="1" ci="0" mb="0" cb="0" /><line nr="36" mi="1" ci="0" mb="0" cb="0" /><line nr="37" mi="1" ci="0" mb="0" cb="0" /><line nr="38" mi="1" ci="0" mb="0" cb="0" /><line nr="41" mi="2" ci="0" mb="0" cb="0" /><line nr="43" mi="1" ci="0" mb="0" cb="0" /><line nr="44" mi="1" ci="0" mb="0" cb="0" /><line nr="45" mi="1" ci="0" mb="0" cb="0" /><line nr="46" mi="1" ci="0" mb="0" cb="0" /><line nr="47" mi="1" ci="0" mb="0" cb="0" /><line nr="49" mi="2" ci="0" mb="0" cb="0" /><line nr="50" mi="1" ci="0" mb="0" cb="0" /><line nr="51" mi="1" ci="0" mb="0" cb="0" /><line nr="53" mi="2" ci="0" mb="0" cb="0" /><line nr="54" mi="1" ci="0" mb="0" cb="0" /><line nr="55" mi="1" ci="0" mb="0" cb="0" /><line nr="59" mi="1" ci="0" mb="0" cb="0" /><counter type="INSTRUCTION" missed="38" covered="0" /><counter type="LINE" missed="31" covered="0" /><counter type="METHOD" missed="1" covered="0" /><counter type="CLASS" missed="1" covered="0" /></sourcefile><counter type="INSTRUCTION" missed="112" covered="8" /><counter type="LINE" missed="88" covered="5" /><counter type="METHOD" missed="5" covered="1" /><counter type="CLASS" missed="5" covered="1" /></package><counter type="INSTRUCTION" missed="357" covered="8" /><counter type="LINE" missed="236" covered="5" /><counter type="METHOD" missed="11" covered="1" /><counter type="CLASS" missed="11" covered="1" /></report>
